SF:lib/core/network/network_info.dart
DA:10,1
DA:11,1
DA:12,2
LF:3
LH:3
end_of_record
SF:lib/features/historical/data/datasources/historical_remote_data_source.dart
DA:15,1
DA:17,1
DA:19,1
DA:22,1
DA:24,2
DA:26,1
DA:30,2
DA:31,3
DA:33,1
LF:9
LH:9
end_of_record
SF:lib/features/historical/data/models/historical_model.dart
DA:5,4
DA:8,4
DA:10,3
DA:11,3
DA:12,3
DA:13,3
DA:14,0
DA:15,3
DA:16,9
DA:17,3
DA:20,2
DA:21,2
DA:22,2
DA:23,2
DA:24,0
DA:25,2
DA:26,8
DA:27,2
LF:18
LH:16
end_of_record
SF:lib/features/historical/data/models/historical_data_model.dart
DA:4,5
DA:18,3
DA:34,3
DA:35,3
DA:36,3
DA:37,6
DA:38,6
DA:39,6
DA:40,6
DA:41,6
DA:42,3
DA:43,3
DA:44,6
DA:45,6
DA:46,6
DA:47,3
DA:48,6
DA:52,2
DA:53,2
DA:54,2
DA:55,2
DA:56,2
DA:57,2
DA:58,2
DA:59,2
DA:60,2
DA:61,2
DA:62,2
DA:63,2
DA:64,2
DA:65,2
DA:66,2
DA:70,2
DA:71,2
DA:72,2
DA:73,2
DA:74,2
DA:75,2
DA:76,2
DA:77,2
DA:78,2
DA:79,2
DA:80,2
DA:81,2
DA:82,2
DA:83,2
DA:84,2
LF:47
LH:47
end_of_record
SF:lib/features/historical/domain/entities/historical.dart
DA:7,6
DA:9,3
DA:10,9
DA:28,5
DA:43,3
DA:44,3
DA:45,3
DA:46,3
DA:47,3
DA:48,3
DA:49,3
DA:50,3
DA:51,3
DA:52,3
DA:53,3
DA:54,3
DA:55,3
DA:56,3
DA:57,3
LF:19
LH:19
end_of_record
SF:lib/features/historical/data/datasources/historical_local_data_source.dart
DA:21,1
DA:23,1
DA:25,2
DA:27,3
DA:29,1
DA:33,1
DA:35,2
DA:37,2
LF:8
LH:8
end_of_record
SF:lib/core/error/failures.dart
DA:4,2
DA:9,1
DA:10,2
DA:15,1
DA:16,2
LF:5
LH:5
end_of_record
SF:lib/features/historical/data/repositories/historical_repository_impl.dart
DA:16,1
DA:21,1
DA:23,2
DA:25,2
DA:26,2
DA:27,1
DA:28,1
DA:29,2
DA:33,2
DA:34,1
DA:35,1
DA:36,2
LF:12
LH:12
end_of_record
SF:lib/core/usecases/usecase.dart
DA:11,0
DA:12,0
LF:2
LH:0
end_of_record
SF:lib/features/historical/domain/usecases/get_history.dart
DA:11,1
DA:13,1
DA:15,2
LF:3
LH:3
end_of_record
SF:lib/features/historical/presentation/bloc/historical_state.dart
DA:4,1
DA:6,1
DA:7,1
DA:17,1
DA:23,1
LF:5
LH:5
end_of_record
SF:lib/features/historical/presentation/bloc/historical_bloc.dart
DA:18,3
DA:19,2
DA:20,1
DA:21,2
DA:22,3
DA:23,1
DA:24,1
DA:25,1
DA:26,2
DA:27,2
DA:34,1
DA:35,1
DA:36,1
DA:38,1
LF:14
LH:14
end_of_record
SF:lib/features/historical/presentation/bloc/historical_event.dart
DA:4,1
DA:6,0
DA:7,0
LF:3
LH:1
end_of_record
